   1               		.file	"main.c"
   2               	__SP_H__ = 0x3e
   3               	__SP_L__ = 0x3d
   4               	__SREG__ = 0x3f
   5               	__tmp_reg__ = 0
   6               	__zero_reg__ = 1
   7               		.text
   8               	.Ltext0:
   9               		.section	.text.startup,"ax",@progbits
  10               	.global	main
  12               	main:
  13               	.LFB0:
  14               		.file 1 "main.c"
   1:main.c        **** #include <avr/io.h>
   2:main.c        **** 
   3:main.c        **** int main (void) {
  15               		.loc 1 3 0
  16               	/* prologue: function */
  17               	/* frame size = 0 */
  18               	/* stack size = 0 */
  19               	.L__stack_usage = 0
   4:main.c        ****     DDRB = 0xFF;
  20               		.loc 1 4 0
  21 0000 8FEF      		ldi r24,lo8(-1)
  22 0002 87BB      		out 0x17,r24
   5:main.c        ****     PORTB = 0x03;
  23               		.loc 1 5 0
  24 0004 83E0      		ldi r24,lo8(3)
  25 0006 88BB      		out 0x18,r24
  26               	.L2:
  27 0008 00C0      		rjmp .L2
  28               	.LFE0:
  56               	.Letext0:
  57               		.file 2 "/usr/lib/gcc/avr/4.7.2/../../../avr/include/stdint.h"
DEFINED SYMBOLS
                            *ABS*:00000000 main.c
     /tmp/ccy9MWQR.s:2      *ABS*:0000003e __SP_H__
     /tmp/ccy9MWQR.s:3      *ABS*:0000003d __SP_L__
     /tmp/ccy9MWQR.s:4      *ABS*:0000003f __SREG__
     /tmp/ccy9MWQR.s:5      *ABS*:00000000 __tmp_reg__
     /tmp/ccy9MWQR.s:6      *ABS*:00000001 __zero_reg__
     /tmp/ccy9MWQR.s:12     .text.startup:00000000 main

NO UNDEFINED SYMBOLS
