   1               		.file	"main.c"
   2               	__SP_H__ = 0x3e
   3               	__SP_L__ = 0x3d
   4               	__SREG__ = 0x3f
   5               	__tmp_reg__ = 0
   6               	__zero_reg__ = 1
   7               		.text
   8               	.Ltext0:
   9               		.section	.text.startup,"ax",@progbits
  10               	.global	main
  12               	main:
  13               	.LFB6:
  14               		.file 1 "main.c"
   1:main.c        **** #include <avr/io.h>
   2:main.c        **** #include <util/delay.h>
   3:main.c        **** int main (void) {
  15               		.loc 1 3 0
  16               	/* prologue: function */
  17               	/* frame size = 0 */
  18               	/* stack size = 0 */
  19               	.L__stack_usage = 0
   4:main.c        ****     DDRB |= 1 << PINB0;
  20               		.loc 1 4 0
  21 0000 B89A      		sbi 0x17,0
   5:main.c        ****     DDRB |= 1 << PINB1;
  22               		.loc 1 5 0
  23 0002 B99A      		sbi 0x17,1
   6:main.c        ****     DDRB |= 1 << PINB2;
  24               		.loc 1 6 0
  25 0004 BA9A      		sbi 0x17,2
   7:main.c        ****     DDRB |= 1 << PINB3;
  26               		.loc 1 7 0
  27 0006 BB9A      		sbi 0x17,3
  28               	.LVL0:
   8:main.c        ****     int delay = 10;
   9:main.c        ****     while (1) {
  10:main.c        ****         PORTB ^= 1 << PINB0;
  29               		.loc 1 10 0
  30 0008 51E0      		ldi r21,lo8(1)
  11:main.c        ****         _delay_ms(delay);
  12:main.c        ****         PORTB ^= 1 << PINB0;
  13:main.c        ****         PORTB ^= 1 << PINB1;
  31               		.loc 1 13 0
  32 000a 42E0      		ldi r20,lo8(2)
  14:main.c        ****         _delay_ms(delay);
  15:main.c        ****         PORTB ^= 1 << PINB1;
  16:main.c        ****         PORTB ^= 1 << PINB2;
  33               		.loc 1 16 0
  34 000c 34E0      		ldi r19,lo8(4)
  17:main.c        ****         _delay_ms(delay);
  18:main.c        ****         PORTB ^= 1 << PINB2;
  19:main.c        ****         PORTB ^= 1 << PINB3;
  35               		.loc 1 19 0
  36 000e 28E0      		ldi r18,lo8(8)
  20:main.c        ****         _delay_ms(delay);
  21:main.c        ****         PORTB ^= 1 << PINB3;
  22:main.c        ****         PORTB ^= 1 << PINB4;
  37               		.loc 1 22 0
  38 0010 90E1      		ldi r25,lo8(16)
  39               	.L2:
  10:main.c        ****         PORTB ^= 1 << PINB0;
  40               		.loc 1 10 0 discriminator 1
  41 0012 88B3      		in r24,0x18
  42 0014 8527      		eor r24,r21
  43 0016 88BB      		out 0x18,r24
  44               	.LVL1:
  45               	.LBB12:
  46               	.LBB13:
  47               		.file 2 "/usr/lib/gcc/avr/4.7.2/../../../avr/include/util/delay.h"
   1:/usr/lib/gcc/avr/4.7.2/../../../avr/include/util/delay.h **** /* Copyright (c) 2002, Marek Michalkiewicz
   2:/usr/lib/gcc/avr/4.7.2/../../../avr/include/util/delay.h ****    Copyright (c) 2004,2005,2007 Joerg Wunsch
   3:/usr/lib/gcc/avr/4.7.2/../../../avr/include/util/delay.h ****    Copyright (c) 2007  Florin-Viorel Petrov
   4:/usr/lib/gcc/avr/4.7.2/../../../avr/include/util/delay.h ****    All rights reserved.
   5:/usr/lib/gcc/avr/4.7.2/../../../avr/include/util/delay.h **** 
   6:/usr/lib/gcc/avr/4.7.2/../../../avr/include/util/delay.h ****    Redistribution and use in source and binary forms, with or without
   7:/usr/lib/gcc/avr/4.7.2/../../../avr/include/util/delay.h ****    modification, are permitted provided that the following conditions are met:
   8:/usr/lib/gcc/avr/4.7.2/../../../avr/include/util/delay.h **** 
   9:/usr/lib/gcc/avr/4.7.2/../../../avr/include/util/delay.h ****    * Redistributions of source code must retain the above copyright
  10:/usr/lib/gcc/avr/4.7.2/../../../avr/include/util/delay.h ****      notice, this list of conditions and the following disclaimer.
  11:/usr/lib/gcc/avr/4.7.2/../../../avr/include/util/delay.h **** 
  12:/usr/lib/gcc/avr/4.7.2/../../../avr/include/util/delay.h ****    * Redistributions in binary form must reproduce the above copyright
  13:/usr/lib/gcc/avr/4.7.2/../../../avr/include/util/delay.h ****      notice, this list of conditions and the following disclaimer in
  14:/usr/lib/gcc/avr/4.7.2/../../../avr/include/util/delay.h ****      the documentation and/or other materials provided with the
  15:/usr/lib/gcc/avr/4.7.2/../../../avr/include/util/delay.h ****      distribution.
  16:/usr/lib/gcc/avr/4.7.2/../../../avr/include/util/delay.h **** 
  17:/usr/lib/gcc/avr/4.7.2/../../../avr/include/util/delay.h ****    * Neither the name of the copyright holders nor the names of
  18:/usr/lib/gcc/avr/4.7.2/../../../avr/include/util/delay.h ****      contributors may be used to endorse or promote products derived
  19:/usr/lib/gcc/avr/4.7.2/../../../avr/include/util/delay.h ****      from this software without specific prior written permission.
  20:/usr/lib/gcc/avr/4.7.2/../../../avr/include/util/delay.h **** 
  21:/usr/lib/gcc/avr/4.7.2/../../../avr/include/util/delay.h ****   THIS SOFTWARE IS PROVIDED BY THE COPYRIGHT HOLDERS AND CONTRIBUTORS "AS IS"
  22:/usr/lib/gcc/avr/4.7.2/../../../avr/include/util/delay.h ****   AND ANY EXPRESS OR IMPLIED WARRANTIES, INCLUDING, BUT NOT LIMITED TO, THE
  23:/usr/lib/gcc/avr/4.7.2/../../../avr/include/util/delay.h ****   IMPLIED WARRANTIES OF MERCHANTABILITY AND FITNESS FOR A PARTICULAR PURPOSE
  24:/usr/lib/gcc/avr/4.7.2/../../../avr/include/util/delay.h ****   ARE DISCLAIMED. IN NO EVENT SHALL THE COPYRIGHT OWNER OR CONTRIBUTORS BE
  25:/usr/lib/gcc/avr/4.7.2/../../../avr/include/util/delay.h ****   LIABLE FOR ANY DIRECT, INDIRECT, INCIDENTAL, SPECIAL, EXEMPLARY, OR
  26:/usr/lib/gcc/avr/4.7.2/../../../avr/include/util/delay.h ****   CONSEQUENTIAL DAMAGES (INCLUDING, BUT NOT LIMITED TO, PROCUREMENT OF
  27:/usr/lib/gcc/avr/4.7.2/../../../avr/include/util/delay.h ****   SUBSTITUTE GOODS OR SERVICES; LOSS OF USE, DATA, OR PROFITS; OR BUSINESS
  28:/usr/lib/gcc/avr/4.7.2/../../../avr/include/util/delay.h ****   INTERRUPTION) HOWEVER CAUSED AND ON ANY THEORY OF LIABILITY, WHETHER IN
  29:/usr/lib/gcc/avr/4.7.2/../../../avr/include/util/delay.h ****   CONTRACT, STRICT LIABILITY, OR TORT (INCLUDING NEGLIGENCE OR OTHERWISE)
  30:/usr/lib/gcc/avr/4.7.2/../../../avr/include/util/delay.h ****   ARISING IN ANY WAY OUT OF THE USE OF THIS SOFTWARE, EVEN IF ADVISED OF THE
  31:/usr/lib/gcc/avr/4.7.2/../../../avr/include/util/delay.h ****   POSSIBILITY OF SUCH DAMAGE. */
  32:/usr/lib/gcc/avr/4.7.2/../../../avr/include/util/delay.h **** 
  33:/usr/lib/gcc/avr/4.7.2/../../../avr/include/util/delay.h **** /* $Id: delay.h.in 2251 2011-09-14 08:20:33Z joerg_wunsch $ */
  34:/usr/lib/gcc/avr/4.7.2/../../../avr/include/util/delay.h **** 
  35:/usr/lib/gcc/avr/4.7.2/../../../avr/include/util/delay.h **** #ifndef _UTIL_DELAY_H_
  36:/usr/lib/gcc/avr/4.7.2/../../../avr/include/util/delay.h **** #define _UTIL_DELAY_H_ 1
  37:/usr/lib/gcc/avr/4.7.2/../../../avr/include/util/delay.h **** 
  38:/usr/lib/gcc/avr/4.7.2/../../../avr/include/util/delay.h **** #ifndef __HAS_DELAY_CYCLES
  39:/usr/lib/gcc/avr/4.7.2/../../../avr/include/util/delay.h **** #define __HAS_DELAY_CYCLES 1
  40:/usr/lib/gcc/avr/4.7.2/../../../avr/include/util/delay.h **** #endif
  41:/usr/lib/gcc/avr/4.7.2/../../../avr/include/util/delay.h **** 
  42:/usr/lib/gcc/avr/4.7.2/../../../avr/include/util/delay.h **** #include <inttypes.h>
  43:/usr/lib/gcc/avr/4.7.2/../../../avr/include/util/delay.h **** #include <util/delay_basic.h>
  44:/usr/lib/gcc/avr/4.7.2/../../../avr/include/util/delay.h **** #include <math.h>
  45:/usr/lib/gcc/avr/4.7.2/../../../avr/include/util/delay.h **** 
  46:/usr/lib/gcc/avr/4.7.2/../../../avr/include/util/delay.h **** /** \file */
  47:/usr/lib/gcc/avr/4.7.2/../../../avr/include/util/delay.h **** /** \defgroup util_delay <util/delay.h>: Convenience functions for busy-wait delay loops
  48:/usr/lib/gcc/avr/4.7.2/../../../avr/include/util/delay.h ****     \code
  49:/usr/lib/gcc/avr/4.7.2/../../../avr/include/util/delay.h ****     #define F_CPU 1000000UL  // 1 MHz
  50:/usr/lib/gcc/avr/4.7.2/../../../avr/include/util/delay.h ****     //#define F_CPU 14.7456E6
  51:/usr/lib/gcc/avr/4.7.2/../../../avr/include/util/delay.h ****     #include <util/delay.h>
  52:/usr/lib/gcc/avr/4.7.2/../../../avr/include/util/delay.h ****     \endcode
  53:/usr/lib/gcc/avr/4.7.2/../../../avr/include/util/delay.h **** 
  54:/usr/lib/gcc/avr/4.7.2/../../../avr/include/util/delay.h ****     \note As an alternative method, it is possible to pass the
  55:/usr/lib/gcc/avr/4.7.2/../../../avr/include/util/delay.h ****     F_CPU macro down to the compiler from the Makefile.
  56:/usr/lib/gcc/avr/4.7.2/../../../avr/include/util/delay.h ****     Obviously, in that case, no \c \#define statement should be
  57:/usr/lib/gcc/avr/4.7.2/../../../avr/include/util/delay.h ****     used.
  58:/usr/lib/gcc/avr/4.7.2/../../../avr/include/util/delay.h **** 
  59:/usr/lib/gcc/avr/4.7.2/../../../avr/include/util/delay.h ****     The functions in this header file are wrappers around the basic
  60:/usr/lib/gcc/avr/4.7.2/../../../avr/include/util/delay.h ****     busy-wait functions from <util/delay_basic.h>.  They are meant as
  61:/usr/lib/gcc/avr/4.7.2/../../../avr/include/util/delay.h ****     convenience functions where actual time values can be specified
  62:/usr/lib/gcc/avr/4.7.2/../../../avr/include/util/delay.h ****     rather than a number of cycles to wait for.  The idea behind is
  63:/usr/lib/gcc/avr/4.7.2/../../../avr/include/util/delay.h ****     that compile-time constant expressions will be eliminated by
  64:/usr/lib/gcc/avr/4.7.2/../../../avr/include/util/delay.h ****     compiler optimization so floating-point expressions can be used
  65:/usr/lib/gcc/avr/4.7.2/../../../avr/include/util/delay.h ****     to calculate the number of delay cycles needed based on the CPU
  66:/usr/lib/gcc/avr/4.7.2/../../../avr/include/util/delay.h ****     frequency passed by the macro F_CPU.
  67:/usr/lib/gcc/avr/4.7.2/../../../avr/include/util/delay.h **** 
  68:/usr/lib/gcc/avr/4.7.2/../../../avr/include/util/delay.h ****     \note In order for these functions to work as intended, compiler
  69:/usr/lib/gcc/avr/4.7.2/../../../avr/include/util/delay.h ****     optimizations <em>must</em> be enabled, and the delay time
  70:/usr/lib/gcc/avr/4.7.2/../../../avr/include/util/delay.h ****     <em>must</em> be an expression that is a known constant at
  71:/usr/lib/gcc/avr/4.7.2/../../../avr/include/util/delay.h ****     compile-time.  If these requirements are not met, the resulting
  72:/usr/lib/gcc/avr/4.7.2/../../../avr/include/util/delay.h ****     delay will be much longer (and basically unpredictable), and
  73:/usr/lib/gcc/avr/4.7.2/../../../avr/include/util/delay.h ****     applications that otherwise do not use floating-point calculations
  74:/usr/lib/gcc/avr/4.7.2/../../../avr/include/util/delay.h ****     will experience severe code bloat by the floating-point library
  75:/usr/lib/gcc/avr/4.7.2/../../../avr/include/util/delay.h ****     routines linked into the application.
  76:/usr/lib/gcc/avr/4.7.2/../../../avr/include/util/delay.h **** 
  77:/usr/lib/gcc/avr/4.7.2/../../../avr/include/util/delay.h ****     The functions available allow the specification of microsecond, and
  78:/usr/lib/gcc/avr/4.7.2/../../../avr/include/util/delay.h ****     millisecond delays directly, using the application-supplied macro
  79:/usr/lib/gcc/avr/4.7.2/../../../avr/include/util/delay.h ****     F_CPU as the CPU clock frequency (in Hertz).
  80:/usr/lib/gcc/avr/4.7.2/../../../avr/include/util/delay.h **** 
  81:/usr/lib/gcc/avr/4.7.2/../../../avr/include/util/delay.h **** */
  82:/usr/lib/gcc/avr/4.7.2/../../../avr/include/util/delay.h **** 
  83:/usr/lib/gcc/avr/4.7.2/../../../avr/include/util/delay.h **** #if !defined(__DOXYGEN__)
  84:/usr/lib/gcc/avr/4.7.2/../../../avr/include/util/delay.h **** static inline void _delay_us(double __us) __attribute__((always_inline));
  85:/usr/lib/gcc/avr/4.7.2/../../../avr/include/util/delay.h **** static inline void _delay_ms(double __ms) __attribute__((always_inline));
  86:/usr/lib/gcc/avr/4.7.2/../../../avr/include/util/delay.h **** #endif
  87:/usr/lib/gcc/avr/4.7.2/../../../avr/include/util/delay.h **** 
  88:/usr/lib/gcc/avr/4.7.2/../../../avr/include/util/delay.h **** #ifndef F_CPU
  89:/usr/lib/gcc/avr/4.7.2/../../../avr/include/util/delay.h **** /* prevent compiler error by supplying a default */
  90:/usr/lib/gcc/avr/4.7.2/../../../avr/include/util/delay.h **** # warning "F_CPU not defined for <util/delay.h>"
  91:/usr/lib/gcc/avr/4.7.2/../../../avr/include/util/delay.h **** # define F_CPU 1000000UL
  92:/usr/lib/gcc/avr/4.7.2/../../../avr/include/util/delay.h **** #endif
  93:/usr/lib/gcc/avr/4.7.2/../../../avr/include/util/delay.h **** 
  94:/usr/lib/gcc/avr/4.7.2/../../../avr/include/util/delay.h **** #ifndef __OPTIMIZE__
  95:/usr/lib/gcc/avr/4.7.2/../../../avr/include/util/delay.h **** # warning "Compiler optimizations disabled; functions from <util/delay.h> won't work as designed"
  96:/usr/lib/gcc/avr/4.7.2/../../../avr/include/util/delay.h **** #endif
  97:/usr/lib/gcc/avr/4.7.2/../../../avr/include/util/delay.h **** 
  98:/usr/lib/gcc/avr/4.7.2/../../../avr/include/util/delay.h **** #if __HAS_DELAY_CYCLES && defined(__OPTIMIZE__) && \
  99:/usr/lib/gcc/avr/4.7.2/../../../avr/include/util/delay.h ****   !defined(__DELAY_BACKWARD_COMPATIBLE__) &&	   \
 100:/usr/lib/gcc/avr/4.7.2/../../../avr/include/util/delay.h ****   __STDC_HOSTED__
 101:/usr/lib/gcc/avr/4.7.2/../../../avr/include/util/delay.h **** #  include <math.h>
 102:/usr/lib/gcc/avr/4.7.2/../../../avr/include/util/delay.h **** #endif
 103:/usr/lib/gcc/avr/4.7.2/../../../avr/include/util/delay.h **** 
 104:/usr/lib/gcc/avr/4.7.2/../../../avr/include/util/delay.h **** /**
 105:/usr/lib/gcc/avr/4.7.2/../../../avr/include/util/delay.h ****    \ingroup util_delay
 106:/usr/lib/gcc/avr/4.7.2/../../../avr/include/util/delay.h **** 
 107:/usr/lib/gcc/avr/4.7.2/../../../avr/include/util/delay.h ****    Perform a delay of \c __ms milliseconds, using _delay_loop_2().
 108:/usr/lib/gcc/avr/4.7.2/../../../avr/include/util/delay.h **** 
 109:/usr/lib/gcc/avr/4.7.2/../../../avr/include/util/delay.h ****    The macro F_CPU is supposed to be defined to a
 110:/usr/lib/gcc/avr/4.7.2/../../../avr/include/util/delay.h ****    constant defining the CPU clock frequency (in Hertz).
 111:/usr/lib/gcc/avr/4.7.2/../../../avr/include/util/delay.h **** 
 112:/usr/lib/gcc/avr/4.7.2/../../../avr/include/util/delay.h ****    The maximal possible delay is 262.14 ms / F_CPU in MHz.
 113:/usr/lib/gcc/avr/4.7.2/../../../avr/include/util/delay.h **** 
 114:/usr/lib/gcc/avr/4.7.2/../../../avr/include/util/delay.h ****    When the user request delay which exceed the maximum possible one,
 115:/usr/lib/gcc/avr/4.7.2/../../../avr/include/util/delay.h ****    _delay_ms() provides a decreased resolution functionality. In this
 116:/usr/lib/gcc/avr/4.7.2/../../../avr/include/util/delay.h ****    mode _delay_ms() will work with a resolution of 1/10 ms, providing
 117:/usr/lib/gcc/avr/4.7.2/../../../avr/include/util/delay.h ****    delays up to 6.5535 seconds (independent from CPU frequency).  The
 118:/usr/lib/gcc/avr/4.7.2/../../../avr/include/util/delay.h ****    user will not be informed about decreased resolution.
 119:/usr/lib/gcc/avr/4.7.2/../../../avr/include/util/delay.h **** 
 120:/usr/lib/gcc/avr/4.7.2/../../../avr/include/util/delay.h ****    If the avr-gcc toolchain has __builtin_avr_delay_cycles(unsigned long)
 121:/usr/lib/gcc/avr/4.7.2/../../../avr/include/util/delay.h ****    support, maximal possible delay is 4294967.295 ms/ F_CPU in MHz. For
 122:/usr/lib/gcc/avr/4.7.2/../../../avr/include/util/delay.h ****    values greater than the maximal possible delay, overflows results in
 123:/usr/lib/gcc/avr/4.7.2/../../../avr/include/util/delay.h ****    no delay i.e., 0ms.
 124:/usr/lib/gcc/avr/4.7.2/../../../avr/include/util/delay.h **** 
 125:/usr/lib/gcc/avr/4.7.2/../../../avr/include/util/delay.h ****    Conversion of __us into clock cycles may not always result in integer.
 126:/usr/lib/gcc/avr/4.7.2/../../../avr/include/util/delay.h ****    By default, the clock cycles rounded up to next integer. This ensures that
 127:/usr/lib/gcc/avr/4.7.2/../../../avr/include/util/delay.h ****    the user gets atleast __us microseconds of delay.
 128:/usr/lib/gcc/avr/4.7.2/../../../avr/include/util/delay.h **** 
 129:/usr/lib/gcc/avr/4.7.2/../../../avr/include/util/delay.h ****    Alternatively, user can define __DELAY_ROUND_DOWN__ and __DELAY_ROUND_CLOSEST__
 130:/usr/lib/gcc/avr/4.7.2/../../../avr/include/util/delay.h ****    to round down and round to closest integer.
 131:/usr/lib/gcc/avr/4.7.2/../../../avr/include/util/delay.h **** 
 132:/usr/lib/gcc/avr/4.7.2/../../../avr/include/util/delay.h ****    Note: The new implementation of _delay_ms(double __ms) with 
 133:/usr/lib/gcc/avr/4.7.2/../../../avr/include/util/delay.h ****     __builtin_avr_delay_cycles(unsigned long) support is not backward compatible. 
 134:/usr/lib/gcc/avr/4.7.2/../../../avr/include/util/delay.h ****    User can define __DELAY_BACKWARD_COMPATIBLE__ to get a backward compatible delay.
 135:/usr/lib/gcc/avr/4.7.2/../../../avr/include/util/delay.h ****    Also, the backward compatible
 136:/usr/lib/gcc/avr/4.7.2/../../../avr/include/util/delay.h ****    algorithm will be chosen if the code is compiled in a <em>freestanding
 137:/usr/lib/gcc/avr/4.7.2/../../../avr/include/util/delay.h ****    environment</em> (GCC option \c -ffreestanding), as the math functions
 138:/usr/lib/gcc/avr/4.7.2/../../../avr/include/util/delay.h ****    required for rounding are not available to the compiler then.
 139:/usr/lib/gcc/avr/4.7.2/../../../avr/include/util/delay.h **** 
 140:/usr/lib/gcc/avr/4.7.2/../../../avr/include/util/delay.h ****  */
 141:/usr/lib/gcc/avr/4.7.2/../../../avr/include/util/delay.h **** void
 142:/usr/lib/gcc/avr/4.7.2/../../../avr/include/util/delay.h **** _delay_ms(double __ms)
 143:/usr/lib/gcc/avr/4.7.2/../../../avr/include/util/delay.h **** {
 144:/usr/lib/gcc/avr/4.7.2/../../../avr/include/util/delay.h **** 	uint16_t __ticks;
 145:/usr/lib/gcc/avr/4.7.2/../../../avr/include/util/delay.h **** 	double __tmp ; 
 146:/usr/lib/gcc/avr/4.7.2/../../../avr/include/util/delay.h **** #if __HAS_DELAY_CYCLES && defined(__OPTIMIZE__) && \
 147:/usr/lib/gcc/avr/4.7.2/../../../avr/include/util/delay.h ****   !defined(__DELAY_BACKWARD_COMPATIBLE__) &&	   \
 148:/usr/lib/gcc/avr/4.7.2/../../../avr/include/util/delay.h ****   __STDC_HOSTED__
 149:/usr/lib/gcc/avr/4.7.2/../../../avr/include/util/delay.h **** 	uint32_t __ticks_dc;
 150:/usr/lib/gcc/avr/4.7.2/../../../avr/include/util/delay.h **** 	extern void __builtin_avr_delay_cycles(unsigned long);
 151:/usr/lib/gcc/avr/4.7.2/../../../avr/include/util/delay.h **** 	__tmp = ((F_CPU) / 1e3) * __ms;
 152:/usr/lib/gcc/avr/4.7.2/../../../avr/include/util/delay.h **** 
 153:/usr/lib/gcc/avr/4.7.2/../../../avr/include/util/delay.h **** 	#if defined(__DELAY_ROUND_DOWN__)
 154:/usr/lib/gcc/avr/4.7.2/../../../avr/include/util/delay.h **** 		__ticks_dc = (uint32_t)fabs(__tmp);
 155:/usr/lib/gcc/avr/4.7.2/../../../avr/include/util/delay.h **** 
 156:/usr/lib/gcc/avr/4.7.2/../../../avr/include/util/delay.h **** 	#elif defined(__DELAY_ROUND_CLOSEST__)
 157:/usr/lib/gcc/avr/4.7.2/../../../avr/include/util/delay.h **** 		__ticks_dc = (uint32_t)(fabs(__tmp)+0.5);
 158:/usr/lib/gcc/avr/4.7.2/../../../avr/include/util/delay.h **** 
 159:/usr/lib/gcc/avr/4.7.2/../../../avr/include/util/delay.h **** 	#else
 160:/usr/lib/gcc/avr/4.7.2/../../../avr/include/util/delay.h **** 		//round up by default
 161:/usr/lib/gcc/avr/4.7.2/../../../avr/include/util/delay.h **** 		__ticks_dc = (uint32_t)(ceil(fabs(__tmp)));
 162:/usr/lib/gcc/avr/4.7.2/../../../avr/include/util/delay.h **** 	#endif
 163:/usr/lib/gcc/avr/4.7.2/../../../avr/include/util/delay.h **** 
 164:/usr/lib/gcc/avr/4.7.2/../../../avr/include/util/delay.h **** 	__builtin_avr_delay_cycles(__ticks_dc);
  48               		.loc 2 164 0 discriminator 1
  49 0018 E3EC      		ldi r30,lo8(2499)
  50 001a F9E0      		ldi r31,hi8(2499)
  51 001c 3197      		1: sbiw r30,1
  52 001e 01F4      		brne 1b
  53 0020 00C0      		rjmp .
  54 0022 0000      		nop
  55               	.LBE13:
  56               	.LBE12:
  12:main.c        ****         PORTB ^= 1 << PINB0;
  57               		.loc 1 12 0 discriminator 1
  58 0024 88B3      		in r24,0x18
  59 0026 8527      		eor r24,r21
  60 0028 88BB      		out 0x18,r24
  13:main.c        ****         PORTB ^= 1 << PINB1;
  61               		.loc 1 13 0 discriminator 1
  62 002a 88B3      		in r24,0x18
  63 002c 8427      		eor r24,r20
  64 002e 88BB      		out 0x18,r24
  65               	.LVL2:
  66               	.LBB14:
  67               	.LBB15:
  68               		.loc 2 164 0 discriminator 1
  69 0030 E3EC      		ldi r30,lo8(2499)
  70 0032 F9E0      		ldi r31,hi8(2499)
  71 0034 3197      		1: sbiw r30,1
  72 0036 01F4      		brne 1b
  73 0038 00C0      		rjmp .
  74 003a 0000      		nop
  75               	.LBE15:
  76               	.LBE14:
  15:main.c        ****         PORTB ^= 1 << PINB1;
  77               		.loc 1 15 0 discriminator 1
  78 003c 88B3      		in r24,0x18
  79 003e 8427      		eor r24,r20
  80 0040 88BB      		out 0x18,r24
  16:main.c        ****         PORTB ^= 1 << PINB2;
  81               		.loc 1 16 0 discriminator 1
  82 0042 88B3      		in r24,0x18
  83 0044 8327      		eor r24,r19
  84 0046 88BB      		out 0x18,r24
  85               	.LVL3:
  86               	.LBB16:
  87               	.LBB17:
  88               		.loc 2 164 0 discriminator 1
  89 0048 E3EC      		ldi r30,lo8(2499)
  90 004a F9E0      		ldi r31,hi8(2499)
  91 004c 3197      		1: sbiw r30,1
  92 004e 01F4      		brne 1b
  93 0050 00C0      		rjmp .
  94 0052 0000      		nop
  95               	.LBE17:
  96               	.LBE16:
  18:main.c        ****         PORTB ^= 1 << PINB2;
  97               		.loc 1 18 0 discriminator 1
  98 0054 88B3      		in r24,0x18
  99 0056 8327      		eor r24,r19
 100 0058 88BB      		out 0x18,r24
  19:main.c        ****         PORTB ^= 1 << PINB3;
 101               		.loc 1 19 0 discriminator 1
 102 005a 88B3      		in r24,0x18
 103 005c 8227      		eor r24,r18
 104 005e 88BB      		out 0x18,r24
 105               	.LVL4:
 106               	.LBB18:
 107               	.LBB19:
 108               		.loc 2 164 0 discriminator 1
 109 0060 E3EC      		ldi r30,lo8(2499)
 110 0062 F9E0      		ldi r31,hi8(2499)
 111 0064 3197      		1: sbiw r30,1
 112 0066 01F4      		brne 1b
 113 0068 00C0      		rjmp .
 114 006a 0000      		nop
 115               	.LBE19:
 116               	.LBE18:
  21:main.c        ****         PORTB ^= 1 << PINB3;
 117               		.loc 1 21 0 discriminator 1
 118 006c 88B3      		in r24,0x18
 119 006e 8227      		eor r24,r18
 120 0070 88BB      		out 0x18,r24
 121               		.loc 1 22 0 discriminator 1
 122 0072 88B3      		in r24,0x18
 123 0074 8927      		eor r24,r25
 124 0076 88BB      		out 0x18,r24
 125               	.LVL5:
 126               	.LBB20:
 127               	.LBB21:
 128               		.loc 2 164 0 discriminator 1
 129 0078 E3EC      		ldi r30,lo8(2499)
 130 007a F9E0      		ldi r31,hi8(2499)
 131 007c 3197      		1: sbiw r30,1
 132 007e 01F4      		brne 1b
 133 0080 00C0      		rjmp .
 134 0082 0000      		nop
 135               	.LBE21:
 136               	.LBE20:
  23:main.c        ****         _delay_ms(delay);
  24:main.c        ****         PORTB ^= 1 << PINB4;
 137               		.loc 1 24 0 discriminator 1
 138 0084 88B3      		in r24,0x18
 139 0086 8927      		eor r24,r25
 140 0088 88BB      		out 0x18,r24
 141 008a 00C0      		rjmp .L2
 142               	.LFE6:
 170               	.Letext0:
 171               		.file 3 "/usr/lib/gcc/avr/4.7.2/../../../avr/include/stdint.h"
DEFINED SYMBOLS
                            *ABS*:00000000 main.c
     /tmp/cc62ghWm.s:2      *ABS*:0000003e __SP_H__
     /tmp/cc62ghWm.s:3      *ABS*:0000003d __SP_L__
     /tmp/cc62ghWm.s:4      *ABS*:0000003f __SREG__
     /tmp/cc62ghWm.s:5      *ABS*:00000000 __tmp_reg__
     /tmp/cc62ghWm.s:6      *ABS*:00000001 __zero_reg__
     /tmp/cc62ghWm.s:12     .text.startup:00000000 main

NO UNDEFINED SYMBOLS
